<?xml version="1.0" encoding="UTF-8"?>
<!-- Generated by org.testng.reporters.JUnitXMLReporter -->
<testsuite hostname="DEV_TEST_MUNI" ignored="0" name="Guru99_Pratice" tests="1" failures="0" timestamp="07 Dec 2018 12:21:51 GMT" time="0.119" errors="0">
  <testcase name="@BeforeClass setUp" time="0.092" classname="com.INetBanking.Base.BaseClass">
    <failure type="java.lang.NullPointerException">
      <![CDATA[java.lang.NullPointerException
at java.util.Hashtable.put(Unknown Source)
at java.util.Properties.setProperty(Unknown Source)
at java.lang.System.setProperty(Unknown Source)
at com.INetBanking.Base.BaseClass.setUp(BaseClass.java:55)
... Removed 26 stack frames]]>
    </failure>
  </testcase> <!-- @BeforeClass setUp -->
  <testcase name="@AfterClass tearDown" time="0.0" classname="com.INetBanking.Base.BaseClass">
    <skipped/>
  </testcase> <!-- @AfterClass tearDown -->
  <testcase name="Login" time="0.0" classname="com.INetBankingTestCases.TC_LoginTest_001">
    <skipped/>
  </testcase> <!-- Login -->
</testsuite> <!-- Guru99_Pratice -->
